Using pre-set license
Built from '2021.3/release' branch; Version is '2021.3.12f1 (8af3c3e441b1) revision 9106371'; Using compiler version '192829333'; Build Type 'Release'
OS: 'Windows 11  (10.0.22621) 64bit Professional' Language: 'en' Physical Memory: 15681 MB
BatchMode: 1, IsHumanControllingUs: 0, StartBugReporterOnCrash: 0, Is64bit: 1, IsPro: 1

COMMAND LINE ARGUMENTS:
C:\Program Files\Unity\Hub\Editor\2021.3.12f1\Editor\Unity.exe
-adb2
-batchMode
-noUpm
-name
AssetImportWorker4
-projectPath
D:/Unity/New Unity Project (2)
-logFile
Logs/AssetImportWorker4.log
-srvPort
62099
Successfully changed project path to: D:/Unity/New Unity Project (2)
D:/Unity/New Unity Project (2)
[UnityMemory] Configuration Parameters - Can be set up in boot.config
    "memorysetup-bucket-allocator-granularity=16"
    "memorysetup-bucket-allocator-bucket-count=8"
    "memorysetup-bucket-allocator-block-size=33554432"
    "memorysetup-bucket-allocator-block-count=8"
    "memorysetup-main-allocator-block-size=16777216"
    "memorysetup-thread-allocator-block-size=16777216"
    "memorysetup-gfx-main-allocator-block-size=16777216"
    "memorysetup-gfx-thread-allocator-block-size=16777216"
    "memorysetup-cache-allocator-block-size=4194304"
    "memorysetup-typetree-allocator-block-size=2097152"
    "memorysetup-profiler-bucket-allocator-granularity=16"
    "memorysetup-profiler-bucket-allocator-bucket-count=8"
    "memorysetup-profiler-bucket-allocator-block-size=33554432"
    "memorysetup-profiler-bucket-allocator-block-count=8"
    "memorysetup-profiler-allocator-block-size=16777216"
    "memorysetup-profiler-editor-allocator-block-size=1048576"
    "memorysetup-temp-allocator-size-main=16777216"
    "memorysetup-job-temp-allocator-block-size=2097152"
    "memorysetup-job-temp-allocator-block-size-background=1048576"
    "memorysetup-job-temp-allocator-reduction-small-platforms=262144"
    "memorysetup-temp-allocator-size-background-worker=32768"
    "memorysetup-temp-allocator-size-job-worker=262144"
    "memorysetup-temp-allocator-size-preload-manager=33554432"
    "memorysetup-temp-allocator-size-nav-mesh-worker=65536"
    "memorysetup-temp-allocator-size-audio-worker=65536"
    "memorysetup-temp-allocator-size-cloud-worker=32768"
    "memorysetup-temp-allocator-size-gi-baking-worker=262144"
    "memorysetup-temp-allocator-size-gfx=262144"
Refreshing native plugins compatible for Editor in 67.23 ms, found 3 plugins.
Preloading 0 native plugins for Editor in 0.00 ms.
Initialize engine version: 2021.3.12f1 (8af3c3e441b1)
[Subsystems] Discovering subsystems at path C:/Program Files/Unity/Hub/Editor/2021.3.12f1/Editor/Data/Resources/UnitySubsystems
[Subsystems] Discovering subsystems at path D:/Unity/New Unity Project (2)/Assets
GfxDevice: creating device client; threaded=0; jobified=0
Direct3D:
    Version:  Direct3D 11.0 [level 11.1]
    Renderer: AMD Radeon(TM) Graphics (ID=0x1638)
    Vendor:   ATI
    VRAM:     7840 MB
    Driver:   31.0.12016.3004
Initialize mono
Mono path[0] = 'C:/Program Files/Unity/Hub/Editor/2021.3.12f1/Editor/Data/Managed'
Mono path[1] = 'C:/Program Files/Unity/Hub/Editor/2021.3.12f1/Editor/Data/MonoBleedingEdge/lib/mono/unityjit-win32'
Mono config path = 'C:/Program Files/Unity/Hub/Editor/2021.3.12f1/Editor/Data/MonoBleedingEdge/etc'
Using monoOptions --debugger-agent=transport=dt_socket,embedding=1,server=y,suspend=n,address=127.0.0.1:56908
Begin MonoManager ReloadAssembly
Registering precompiled unity dll's ...
Register platform support module: C:/Program Files/Unity/Hub/Editor/2021.3.12f1/Editor/Data/PlaybackEngines/WebGLSupport/UnityEditor.WebGL.Extensions.dll
Register platform support module: C:/Program Files/Unity/Hub/Editor/2021.3.12f1/Editor/Data/PlaybackEngines/AndroidPlayer/UnityEditor.Android.Extensions.dll
Register platform support module: C:/Program Files/Unity/Hub/Editor/2021.3.12f1/Editor/Data/PlaybackEngines/WindowsStandaloneSupport/UnityEditor.WindowsStandalone.Extensions.dll
Registered in 0.007441 seconds.
Native extension for WindowsStandalone target not found
Native extension for Android target not found
Native extension for WebGL target not found
Refreshing native plugins compatible for Editor in 56.30 ms, found 3 plugins.
Preloading 0 native plugins for Editor in 0.00 ms.
Mono: successfully reloaded assembly
- Completed reload, in  0.833 seconds
Domain Reload Profiling:
	ReloadAssembly (833ms)
		BeginReloadAssembly (82ms)
			ExecutionOrderSort (0ms)
			DisableScriptedObjects (0ms)
			BackupInstance (0ms)
			ReleaseScriptingObjects (0ms)
			CreateAndSetChildDomain (1ms)
		EndReloadAssembly (541ms)
			LoadAssemblies (81ms)
			RebuildTransferFunctionScriptingTraits (0ms)
			SetupTypeCache (230ms)
			ReleaseScriptCaches (0ms)
			RebuildScriptCaches (22ms)
			SetupLoadedEditorAssemblies (242ms)
				LogAssemblyErrors (0ms)
				InitializePlatformSupportModulesInManaged (51ms)
				SetLoadedEditorAssemblies (0ms)
				RefreshPlugins (56ms)
				BeforeProcessingInitializeOnLoad (1ms)
				ProcessInitializeOnLoadAttributes (88ms)
				ProcessInitializeOnLoadMethodAttributes (46ms)
				AfterProcessingInitializeOnLoad (0ms)
				EditorAssembliesLoaded (0ms)
			ExecutionOrderSort2 (0ms)
			AwakeInstancesAfterBackupRestoration (0ms)
Platform modules already initialized, skipping
Registering precompiled user dll's ...
Registered in 0.004160 seconds.
Begin MonoManager ReloadAssembly
Symbol file LoadedFromMemory doesn't match image D:\Unity\New Unity Project (2)\Library\PackageCache\com.unity.visualscripting@1.7.8\Editor\VisualScripting.Core\Dependencies\YamlDotNet\Unity.VisualScripting.YamlDotNet.dll
Symbol file LoadedFromMemory doesn't match image D:\Unity\New Unity Project (2)\Library\PackageCache\com.unity.visualscripting@1.7.8\Editor\VisualScripting.Core\Dependencies\DotNetZip\Unity.VisualScripting.IonicZip.dll
Native extension for WindowsStandalone target not found
Native extension for Android target not found
Native extension for WebGL target not found
Refreshing native plugins compatible for Editor in 0.79 ms, found 3 plugins.
Preloading 0 native plugins for Editor in 0.00 ms.
Mono: successfully reloaded assembly
- Completed reload, in  0.996 seconds
Domain Reload Profiling:
	ReloadAssembly (997ms)
		BeginReloadAssembly (216ms)
			ExecutionOrderSort (0ms)
			DisableScriptedObjects (5ms)
			BackupInstance (0ms)
			ReleaseScriptingObjects (0ms)
			CreateAndSetChildDomain (130ms)
		EndReloadAssembly (682ms)
			LoadAssemblies (82ms)
			RebuildTransferFunctionScriptingTraits (0ms)
			SetupTypeCache (177ms)
			ReleaseScriptCaches (1ms)
			RebuildScriptCaches (42ms)
			SetupLoadedEditorAssemblies (358ms)
				LogAssemblyErrors (0ms)
				InitializePlatformSupportModulesInManaged (15ms)
				SetLoadedEditorAssemblies (0ms)
				RefreshPlugins (1ms)
				BeforeProcessingInitializeOnLoad (64ms)
				ProcessInitializeOnLoadAttributes (241ms)
				ProcessInitializeOnLoadMethodAttributes (28ms)
				AfterProcessingInitializeOnLoad (8ms)
				EditorAssembliesLoaded (0ms)
			ExecutionOrderSort2 (0ms)
			AwakeInstancesAfterBackupRestoration (6ms)
Platform modules already initialized, skipping
========================================================================
Worker process is ready to serve import requests
Launched and connected shader compiler UnityShaderCompiler.exe after 0.05 seconds
Refreshing native plugins compatible for Editor in 0.69 ms, found 3 plugins.
Preloading 0 native plugins for Editor in 0.00 ms.
Unloading 3308 Unused Serialized files (Serialized files now loaded: 0)
Unloading 24 unused Assets / (56.1 KB). Loaded Objects now: 3771.
Memory consumption went from 115.3 MB to 115.2 MB.
Total: 2.848000 ms (FindLiveObjects: 0.300600 ms CreateObjectMapping: 0.088200 ms MarkObjects: 2.384600 ms  DeleteObjects: 0.073600 ms)

AssetImportParameters requested are different than current active one (requested -> active):
  custom:video-decoder-ogg-theora: a1e56fd34408186e4bbccfd4996cb3dc -> 
  custom:container-muxer-webm: aa71ff27fc2769a1b78a27578f13a17b -> 
  custom:container-demuxer-webm: 4f35f7cbe854078d1ac9338744f61a02 -> 
  custom:video-encoder-webm-vp8: eb34c28f22e8b96e1ab97ce403110664 -> 
  custom:audio-encoder-webm-vorbis: bf7c407c2cedff20999df2af8eb42d56 -> 
  custom:framework-win-MediaFoundation: 216162199b28c13a410421893ffa2e32 -> 
  custom:container-demuxer-ogg: 62fdf1f143b41e24485cea50d1cbac27 -> 
  custom:video-decoder-webm-vp8: 9c59270c3fd7afecdb556c50c9e8de78 -> 
  custom:audio-decoder-ogg-vorbis: bf7c407c2cedff20999df2af8eb42d56 -> 
========================================================================
Received Import Request.
  Time since last request: 1039955.228219 seconds.
  path: Assets/SCENE/DetailPaket.unity
  artifactKey: Guid(2c3872597fa80994ea1464d4edd8a337) Importer(815301076,1909f56bfc062723c751e8b465ee728b)
Start importing Assets/SCENE/DetailPaket.unity using Guid(2c3872597fa80994ea1464d4edd8a337) Importer(815301076,1909f56bfc062723c751e8b465ee728b)  -> (artifact id: '250e102cc493c6cca8cec8c61097fb24') in 0.013908 seconds 
========================================================================
Received Import Request.
  Time since last request: 620.385188 seconds.
  path: Assets/SCENE/DetailPaket.unity
  artifactKey: Guid(2c3872597fa80994ea1464d4edd8a337) Importer(815301076,1909f56bfc062723c751e8b465ee728b)
Start importing Assets/SCENE/DetailPaket.unity using Guid(2c3872597fa80994ea1464d4edd8a337) Importer(815301076,1909f56bfc062723c751e8b465ee728b)  -> (artifact id: 'fc62f1663c9065b2ba06fa2625507932') in 0.008239 seconds 
========================================================================
Received Prepare
Registering precompiled user dll's ...
Registered in 0.003795 seconds.
Begin MonoManager ReloadAssembly
Symbol file LoadedFromMemory doesn't match image D:\Unity\New Unity Project (2)\Library\PackageCache\com.unity.visualscripting@1.7.8\Editor\VisualScripting.Core\Dependencies\YamlDotNet\Unity.VisualScripting.YamlDotNet.dll
Symbol file LoadedFromMemory doesn't match image D:\Unity\New Unity Project (2)\Library\PackageCache\com.unity.visualscripting@1.7.8\Editor\VisualScripting.Core\Dependencies\DotNetZip\Unity.VisualScripting.IonicZip.dll
Native extension for WindowsStandalone target not found
Native extension for Android target not found
Native extension for WebGL target not found
Refreshing native plugins compatible for Editor in 1.06 ms, found 3 plugins.
Preloading 0 native plugins for Editor in 0.00 ms.
Mono: successfully reloaded assembly
- Completed reload, in  1.047 seconds
Domain Reload Profiling:
	ReloadAssembly (1048ms)
		BeginReloadAssembly (146ms)
			ExecutionOrderSort (0ms)
			DisableScriptedObjects (5ms)
			BackupInstance (0ms)
			ReleaseScriptingObjects (0ms)
			CreateAndSetChildDomain (49ms)
		EndReloadAssembly (800ms)
			LoadAssemblies (101ms)
			RebuildTransferFunctionScriptingTraits (1ms)
			SetupTypeCache (286ms)
			ReleaseScriptCaches (2ms)
			RebuildScriptCaches (39ms)
			SetupLoadedEditorAssemblies (339ms)
				LogAssemblyErrors (0ms)
				InitializePlatformSupportModulesInManaged (25ms)
				SetLoadedEditorAssemblies (1ms)
				RefreshPlugins (1ms)
				BeforeProcessingInitializeOnLoad (65ms)
				ProcessInitializeOnLoadAttributes (211ms)
				ProcessInitializeOnLoadMethodAttributes (27ms)
				AfterProcessingInitializeOnLoad (9ms)
				EditorAssembliesLoaded (0ms)
			ExecutionOrderSort2 (0ms)
			AwakeInstancesAfterBackupRestoration (6ms)
Platform modules already initialized, skipping
Refreshing native plugins compatible for Editor in 2.93 ms, found 3 plugins.
Preloading 0 native plugins for Editor in 0.00 ms.
Unloading 3289 Unused Serialized files (Serialized files now loaded: 0)
Unloading 17 unused Assets / (24.6 KB). Loaded Objects now: 3774.
Memory consumption went from 113.8 MB to 113.7 MB.
Total: 5.613600 ms (FindLiveObjects: 0.481600 ms CreateObjectMapping: 0.312400 ms MarkObjects: 4.763500 ms  DeleteObjects: 0.054800 ms)

AssetImportParameters requested are different than current active one (requested -> active):
  custom:video-decoder-ogg-theora: a1e56fd34408186e4bbccfd4996cb3dc -> 
  custom:container-muxer-webm: aa71ff27fc2769a1b78a27578f13a17b -> 
  custom:container-demuxer-webm: 4f35f7cbe854078d1ac9338744f61a02 -> 
  custom:video-encoder-webm-vp8: eb34c28f22e8b96e1ab97ce403110664 -> 
  custom:audio-encoder-webm-vorbis: bf7c407c2cedff20999df2af8eb42d56 -> 
  custom:framework-win-MediaFoundation: 216162199b28c13a410421893ffa2e32 -> 
  custom:container-demuxer-ogg: 62fdf1f143b41e24485cea50d1cbac27 -> 
  custom:video-decoder-webm-vp8: 9c59270c3fd7afecdb556c50c9e8de78 -> 
  custom:audio-decoder-ogg-vorbis: bf7c407c2cedff20999df2af8eb42d56 -> 
========================================================================
Received Prepare
Registering precompiled user dll's ...
Registered in 0.004981 seconds.
Begin MonoManager ReloadAssembly
Symbol file LoadedFromMemory doesn't match image D:\Unity\New Unity Project (2)\Library\PackageCache\com.unity.visualscripting@1.7.8\Editor\VisualScripting.Core\Dependencies\YamlDotNet\Unity.VisualScripting.YamlDotNet.dll
Symbol file LoadedFromMemory doesn't match image D:\Unity\New Unity Project (2)\Library\PackageCache\com.unity.visualscripting@1.7.8\Editor\VisualScripting.Core\Dependencies\DotNetZip\Unity.VisualScripting.IonicZip.dll
Native extension for WindowsStandalone target not found
Native extension for Android target not found
Native extension for WebGL target not found
Refreshing native plugins compatible for Editor in 1.43 ms, found 3 plugins.
Preloading 0 native plugins for Editor in 0.00 ms.
Mono: successfully reloaded assembly
- Completed reload, in  1.058 seconds
Domain Reload Profiling:
	ReloadAssembly (1059ms)
		BeginReloadAssembly (131ms)
			ExecutionOrderSort (0ms)
			DisableScriptedObjects (7ms)
			BackupInstance (0ms)
			ReleaseScriptingObjects (0ms)
			CreateAndSetChildDomain (36ms)
		EndReloadAssembly (829ms)
			LoadAssemblies (94ms)
			RebuildTransferFunctionScriptingTraits (0ms)
			SetupTypeCache (263ms)
			ReleaseScriptCaches (3ms)
			RebuildScriptCaches (48ms)
			SetupLoadedEditorAssemblies (365ms)
				LogAssemblyErrors (0ms)
				InitializePlatformSupportModulesInManaged (28ms)
				SetLoadedEditorAssemblies (1ms)
				RefreshPlugins (2ms)
				BeforeProcessingInitializeOnLoad (68ms)
				ProcessInitializeOnLoadAttributes (223ms)
				ProcessInitializeOnLoadMethodAttributes (33ms)
				AfterProcessingInitializeOnLoad (11ms)
				EditorAssembliesLoaded (0ms)
			ExecutionOrderSort2 (0ms)
			AwakeInstancesAfterBackupRestoration (8ms)
Platform modules already initialized, skipping
Refreshing native plugins compatible for Editor in 2.79 ms, found 3 plugins.
Preloading 0 native plugins for Editor in 0.00 ms.
Unloading 3289 Unused Serialized files (Serialized files now loaded: 0)
Unloading 17 unused Assets / (24.6 KB). Loaded Objects now: 3777.
Memory consumption went from 113.8 MB to 113.7 MB.
Total: 6.493200 ms (FindLiveObjects: 0.905800 ms CreateObjectMapping: 0.461300 ms MarkObjects: 5.035800 ms  DeleteObjects: 0.086900 ms)

AssetImportParameters requested are different than current active one (requested -> active):
  custom:video-decoder-ogg-theora: a1e56fd34408186e4bbccfd4996cb3dc -> 
  custom:container-muxer-webm: aa71ff27fc2769a1b78a27578f13a17b -> 
  custom:container-demuxer-webm: 4f35f7cbe854078d1ac9338744f61a02 -> 
  custom:video-encoder-webm-vp8: eb34c28f22e8b96e1ab97ce403110664 -> 
  custom:audio-encoder-webm-vorbis: bf7c407c2cedff20999df2af8eb42d56 -> 
  custom:framework-win-MediaFoundation: 216162199b28c13a410421893ffa2e32 -> 
  custom:container-demuxer-ogg: 62fdf1f143b41e24485cea50d1cbac27 -> 
  custom:video-decoder-webm-vp8: 9c59270c3fd7afecdb556c50c9e8de78 -> 
  custom:audio-decoder-ogg-vorbis: bf7c407c2cedff20999df2af8eb42d56 -> 
========================================================================
Received Prepare
Registering precompiled user dll's ...
Registered in 0.005537 seconds.
Begin MonoManager ReloadAssembly
Symbol file LoadedFromMemory doesn't match image D:\Unity\New Unity Project (2)\Library\PackageCache\com.unity.visualscripting@1.7.8\Editor\VisualScripting.Core\Dependencies\YamlDotNet\Unity.VisualScripting.YamlDotNet.dll
Symbol file LoadedFromMemory doesn't match image D:\Unity\New Unity Project (2)\Library\PackageCache\com.unity.visualscripting@1.7.8\Editor\VisualScripting.Core\Dependencies\DotNetZip\Unity.VisualScripting.IonicZip.dll
Native extension for WindowsStandalone target not found
Native extension for Android target not found
Native extension for WebGL target not found
Refreshing native plugins compatible for Editor in 1.29 ms, found 3 plugins.
Preloading 0 native plugins for Editor in 0.00 ms.
Mono: successfully reloaded assembly
- Completed reload, in  1.041 seconds
Domain Reload Profiling:
	ReloadAssembly (1042ms)
		BeginReloadAssembly (127ms)
			ExecutionOrderSort (0ms)
			DisableScriptedObjects (6ms)
			BackupInstance (0ms)
			ReleaseScriptingObjects (0ms)
			CreateAndSetChildDomain (37ms)
		EndReloadAssembly (813ms)
			LoadAssemblies (94ms)
			RebuildTransferFunctionScriptingTraits (0ms)
			SetupTypeCache (258ms)
			ReleaseScriptCaches (2ms)
			RebuildScriptCaches (48ms)
			SetupLoadedEditorAssemblies (357ms)
				LogAssemblyErrors (0ms)
				InitializePlatformSupportModulesInManaged (26ms)
				SetLoadedEditorAssemblies (1ms)
				RefreshPlugins (1ms)
				BeforeProcessingInitializeOnLoad (71ms)
				ProcessInitializeOnLoadAttributes (210ms)
				ProcessInitializeOnLoadMethodAttributes (35ms)
				AfterProcessingInitializeOnLoad (11ms)
				EditorAssembliesLoaded (0ms)
			ExecutionOrderSort2 (0ms)
			AwakeInstancesAfterBackupRestoration (8ms)
Platform modules already initialized, skipping
Refreshing native plugins compatible for Editor in 2.69 ms, found 3 plugins.
Preloading 0 native plugins for Editor in 0.00 ms.
Unloading 3289 Unused Serialized files (Serialized files now loaded: 0)
Unloading 17 unused Assets / (24.7 KB). Loaded Objects now: 3780.
Memory consumption went from 113.8 MB to 113.8 MB.
Total: 5.317500 ms (FindLiveObjects: 0.599500 ms CreateObjectMapping: 0.101800 ms MarkObjects: 4.540000 ms  DeleteObjects: 0.074100 ms)

AssetImportParameters requested are different than current active one (requested -> active):
  custom:video-decoder-ogg-theora: a1e56fd34408186e4bbccfd4996cb3dc -> 
  custom:container-muxer-webm: aa71ff27fc2769a1b78a27578f13a17b -> 
  custom:container-demuxer-webm: 4f35f7cbe854078d1ac9338744f61a02 -> 
  custom:video-encoder-webm-vp8: eb34c28f22e8b96e1ab97ce403110664 -> 
  custom:audio-encoder-webm-vorbis: bf7c407c2cedff20999df2af8eb42d56 -> 
  custom:framework-win-MediaFoundation: 216162199b28c13a410421893ffa2e32 -> 
  custom:container-demuxer-ogg: 62fdf1f143b41e24485cea50d1cbac27 -> 
  custom:video-decoder-webm-vp8: 9c59270c3fd7afecdb556c50c9e8de78 -> 
  custom:audio-decoder-ogg-vorbis: bf7c407c2cedff20999df2af8eb42d56 -> 
========================================================================
Received Prepare
Registering precompiled user dll's ...
Registered in 0.004604 seconds.
Begin MonoManager ReloadAssembly
Symbol file LoadedFromMemory doesn't match image D:\Unity\New Unity Project (2)\Library\PackageCache\com.unity.visualscripting@1.7.8\Editor\VisualScripting.Core\Dependencies\YamlDotNet\Unity.VisualScripting.YamlDotNet.dll
Symbol file LoadedFromMemory doesn't match image D:\Unity\New Unity Project (2)\Library\PackageCache\com.unity.visualscripting@1.7.8\Editor\VisualScripting.Core\Dependencies\DotNetZip\Unity.VisualScripting.IonicZip.dll
Native extension for WindowsStandalone target not found
Native extension for Android target not found
Native extension for WebGL target not found
Refreshing native plugins compatible for Editor in 1.62 ms, found 3 plugins.
Preloading 0 native plugins for Editor in 0.00 ms.
Mono: successfully reloaded assembly
- Completed reload, in  1.028 seconds
Domain Reload Profiling:
	ReloadAssembly (1029ms)
		BeginReloadAssembly (140ms)
			ExecutionOrderSort (0ms)
			DisableScriptedObjects (5ms)
			BackupInstance (0ms)
			ReleaseScriptingObjects (0ms)
			CreateAndSetChildDomain (49ms)
		EndReloadAssembly (795ms)
			LoadAssemblies (98ms)
			RebuildTransferFunctionScriptingTraits (0ms)
			SetupTypeCache (246ms)
			ReleaseScriptCaches (2ms)
			RebuildScriptCaches (49ms)
			SetupLoadedEditorAssemblies (352ms)
				LogAssemblyErrors (0ms)
				InitializePlatformSupportModulesInManaged (28ms)
				SetLoadedEditorAssemblies (1ms)
				RefreshPlugins (2ms)
				BeforeProcessingInitializeOnLoad (70ms)
				ProcessInitializeOnLoadAttributes (206ms)
				ProcessInitializeOnLoadMethodAttributes (34ms)
				AfterProcessingInitializeOnLoad (11ms)
				EditorAssembliesLoaded (0ms)
			ExecutionOrderSort2 (0ms)
			AwakeInstancesAfterBackupRestoration (8ms)
Platform modules already initialized, skipping
Refreshing native plugins compatible for Editor in 2.46 ms, found 3 plugins.
Preloading 0 native plugins for Editor in 0.00 ms.
Unloading 3289 Unused Serialized files (Serialized files now loaded: 0)
Unloading 17 unused Assets / (24.7 KB). Loaded Objects now: 3783.
Memory consumption went from 113.8 MB to 113.8 MB.
Total: 6.000900 ms (FindLiveObjects: 0.504100 ms CreateObjectMapping: 0.302700 ms MarkObjects: 5.148400 ms  DeleteObjects: 0.043900 ms)

AssetImportParameters requested are different than current active one (requested -> active):
  custom:video-decoder-ogg-theora: a1e56fd34408186e4bbccfd4996cb3dc -> 
  custom:container-muxer-webm: aa71ff27fc2769a1b78a27578f13a17b -> 
  custom:container-demuxer-webm: 4f35f7cbe854078d1ac9338744f61a02 -> 
  custom:video-encoder-webm-vp8: eb34c28f22e8b96e1ab97ce403110664 -> 
  custom:audio-encoder-webm-vorbis: bf7c407c2cedff20999df2af8eb42d56 -> 
  custom:framework-win-MediaFoundation: 216162199b28c13a410421893ffa2e32 -> 
  custom:container-demuxer-ogg: 62fdf1f143b41e24485cea50d1cbac27 -> 
  custom:video-decoder-webm-vp8: 9c59270c3fd7afecdb556c50c9e8de78 -> 
  custom:audio-decoder-ogg-vorbis: bf7c407c2cedff20999df2af8eb42d56 -> 
========================================================================
Received Import Request.
  Time since last request: 238.452463 seconds.
  path: Assets/SCENE/MetodePembayaran.unity
  artifactKey: Guid(4f97f809207067f49a68566a2c326e8a) Importer(815301076,1909f56bfc062723c751e8b465ee728b)
Start importing Assets/SCENE/MetodePembayaran.unity using Guid(4f97f809207067f49a68566a2c326e8a) Importer(815301076,1909f56bfc062723c751e8b465ee728b)  -> (artifact id: '27c44a5ab98cb5b5186629db13f13cb6') in 0.018146 seconds 
========================================================================
Received Import Request.
  Time since last request: 4773.378896 seconds.
  path: Assets/SCENE/DetailPaket.unity
  artifactKey: Guid(2c3872597fa80994ea1464d4edd8a337) Importer(815301076,1909f56bfc062723c751e8b465ee728b)
Start importing Assets/SCENE/DetailPaket.unity using Guid(2c3872597fa80994ea1464d4edd8a337) Importer(815301076,1909f56bfc062723c751e8b465ee728b)  -> (artifact id: '322e65f89245ae1a1d907938c4a996ea') in 0.009191 seconds 
========================================================================
Received Import Request.
  Time since last request: 155.533914 seconds.
  path: Assets/SCENE/MetodePembayaran.unity
  artifactKey: Guid(4f97f809207067f49a68566a2c326e8a) Importer(815301076,1909f56bfc062723c751e8b465ee728b)
Start importing Assets/SCENE/MetodePembayaran.unity using Guid(4f97f809207067f49a68566a2c326e8a) Importer(815301076,1909f56bfc062723c751e8b465ee728b)  -> (artifact id: '087c5804ea812230b2a425b17ff94aaf') in 0.009547 seconds 
========================================================================
Received Import Request.
  Time since last request: 261.568049 seconds.
  path: Assets/Image/wpf_bank-cards.png
  artifactKey: Guid(d518315e89b8fe7439902e4dc52119bb) Importer(815301076,1909f56bfc062723c751e8b465ee728b)
Start importing Assets/Image/wpf_bank-cards.png using Guid(d518315e89b8fe7439902e4dc52119bb) Importer(815301076,1909f56bfc062723c751e8b465ee728b)  -> (artifact id: 'bf78be117665e250e025660fb54d3bc4') in 0.213304 seconds 
========================================================================
Received Import Request.
  Time since last request: 8.897412 seconds.
  path: Assets/Image/wpf_bank-cards.png
  artifactKey: Guid(d518315e89b8fe7439902e4dc52119bb) Importer(815301076,1909f56bfc062723c751e8b465ee728b)
Start importing Assets/Image/wpf_bank-cards.png using Guid(d518315e89b8fe7439902e4dc52119bb) Importer(815301076,1909f56bfc062723c751e8b465ee728b)  -> (artifact id: '83defbd77c3c30f9f1dbc0d00c6aceeb') in 0.061223 seconds 
========================================================================
Received Import Request.
  Time since last request: 178.348378 seconds.
  path: Assets/Image/mdi_radio_button_unchecked.png
  artifactKey: Guid(46132ec1c05fcd44eb02eb71d8015553) Importer(815301076,1909f56bfc062723c751e8b465ee728b)
Start importing Assets/Image/mdi_radio_button_unchecked.png using Guid(46132ec1c05fcd44eb02eb71d8015553) Importer(815301076,1909f56bfc062723c751e8b465ee728b)  -> (artifact id: '9d441ce43740c805bd3ce5f28e0f6ede') in 0.023244 seconds 
========================================================================
Received Import Request.
  Time since last request: 6.592776 seconds.
  path: Assets/Image/mdi_radio_button_unchecked.png
  artifactKey: Guid(46132ec1c05fcd44eb02eb71d8015553) Importer(815301076,1909f56bfc062723c751e8b465ee728b)
Start importing Assets/Image/mdi_radio_button_unchecked.png using Guid(46132ec1c05fcd44eb02eb71d8015553) Importer(815301076,1909f56bfc062723c751e8b465ee728b)  -> (artifact id: '9815c38cddd8033ea5afd6feb8cae615') in 0.015124 seconds 
========================================================================
Received Import Request.
  Time since last request: 319.960073 seconds.
  path: Assets/Image/mdi_radio_button_checked.png
  artifactKey: Guid(3df7a3825a409214196408fa2ff6597f) Importer(815301076,1909f56bfc062723c751e8b465ee728b)
Start importing Assets/Image/mdi_radio_button_checked.png using Guid(3df7a3825a409214196408fa2ff6597f) Importer(815301076,1909f56bfc062723c751e8b465ee728b)  -> (artifact id: 'a393a21fc59ddcf8f2b757f8d417dfc8') in 0.021368 seconds 
========================================================================
Received Import Request.
  Time since last request: 10.921078 seconds.
  path: Assets/Image/mdi_radio_button_checked.png
  artifactKey: Guid(3df7a3825a409214196408fa2ff6597f) Importer(815301076,1909f56bfc062723c751e8b465ee728b)
Start importing Assets/Image/mdi_radio_button_checked.png using Guid(3df7a3825a409214196408fa2ff6597f) Importer(815301076,1909f56bfc062723c751e8b465ee728b)  -> (artifact id: '5f332561fb83a7da3410eb3c6aa16645') in 0.013674 seconds 
========================================================================
Received Import Request.
  Time since last request: 43.342784 seconds.
  path: Assets/SCENE/MetodePembayaran.unity
  artifactKey: Guid(4f97f809207067f49a68566a2c326e8a) Importer(815301076,1909f56bfc062723c751e8b465ee728b)
Start importing Assets/SCENE/MetodePembayaran.unity using Guid(4f97f809207067f49a68566a2c326e8a) Importer(815301076,1909f56bfc062723c751e8b465ee728b)  -> (artifact id: '2f2015e19bf6cdf3bedcb04530b59ba8') in 0.006263 seconds 
========================================================================
Received Import Request.
  Time since last request: 89.078710 seconds.
  path: Assets/Image/image-removebg-preview (9) 1.png
  artifactKey: Guid(1631bf64d1ed04a479b90ae6178470e4) Importer(815301076,1909f56bfc062723c751e8b465ee728b)
Start importing Assets/Image/image-removebg-preview (9) 1.png using Guid(1631bf64d1ed04a479b90ae6178470e4) Importer(815301076,1909f56bfc062723c751e8b465ee728b)  -> (artifact id: '0986200b498f3a9debf55be30d76cf5b') in 0.019689 seconds 
========================================================================
Received Import Request.
  Time since last request: 7.276570 seconds.
  path: Assets/Image/image-removebg-preview (9) 1.png
  artifactKey: Guid(1631bf64d1ed04a479b90ae6178470e4) Importer(815301076,1909f56bfc062723c751e8b465ee728b)
Start importing Assets/Image/image-removebg-preview (9) 1.png using Guid(1631bf64d1ed04a479b90ae6178470e4) Importer(815301076,1909f56bfc062723c751e8b465ee728b)  -> (artifact id: 'de5d10a2f24b2aca3d0f3ee1cadbc0f0') in 0.021565 seconds 
========================================================================
Received Import Request.
  Time since last request: 123.433158 seconds.
  path: Assets/Image/image-removebg-preview (12) 1.png
  artifactKey: Guid(3bf105a43857be34bad01f12e39b8789) Importer(815301076,1909f56bfc062723c751e8b465ee728b)
Start importing Assets/Image/image-removebg-preview (12) 1.png using Guid(3bf105a43857be34bad01f12e39b8789) Importer(815301076,1909f56bfc062723c751e8b465ee728b)  -> (artifact id: 'b0a70a4ef994c52d1e5aef739b2c886c') in 0.020030 seconds 
========================================================================
Received Import Request.
  Time since last request: 8.339302 seconds.
  path: Assets/Image/image-removebg-preview (12) 1.png
  artifactKey: Guid(3bf105a43857be34bad01f12e39b8789) Importer(815301076,1909f56bfc062723c751e8b465ee728b)
Start importing Assets/Image/image-removebg-preview (12) 1.png using Guid(3bf105a43857be34bad01f12e39b8789) Importer(815301076,1909f56bfc062723c751e8b465ee728b)  -> (artifact id: '5fcf53a1193ee5983188f1ab81355139') in 0.018771 seconds 
========================================================================
Received Import Request.
  Time since last request: 97.097893 seconds.
  path: Assets/SCENE/PembayaranBerhasil.unity
  artifactKey: Guid(e40472b57b08b094d8ad86feb77d1166) Importer(815301076,1909f56bfc062723c751e8b465ee728b)
Start importing Assets/SCENE/PembayaranBerhasil.unity using Guid(e40472b57b08b094d8ad86feb77d1166) Importer(815301076,1909f56bfc062723c751e8b465ee728b)  -> (artifact id: '27b429381db8da340cc17c14905d539e') in 0.013025 seconds 
========================================================================
Received Import Request.
  Time since last request: 97.644362 seconds.
  path: Assets/Image/image-removebg-preview (14) 1.png
  artifactKey: Guid(5659a49506c9d794cbfa6907404fe395) Importer(815301076,1909f56bfc062723c751e8b465ee728b)
Start importing Assets/Image/image-removebg-preview (14) 1.png using Guid(5659a49506c9d794cbfa6907404fe395) Importer(815301076,1909f56bfc062723c751e8b465ee728b)  -> (artifact id: 'dd647f4d0d8eec0cc4c785e06b275184') in 0.021788 seconds 
========================================================================
Received Import Request.
  Time since last request: 18.617893 seconds.
  path: Assets/Image/image-removebg-preview (14) 1.png
  artifactKey: Guid(5659a49506c9d794cbfa6907404fe395) Importer(815301076,1909f56bfc062723c751e8b465ee728b)
Start importing Assets/Image/image-removebg-preview (14) 1.png using Guid(5659a49506c9d794cbfa6907404fe395) Importer(815301076,1909f56bfc062723c751e8b465ee728b)  -> (artifact id: '3b37d044c303d94f9cf608abb4a6d399') in 0.019647 seconds 
========================================================================
Received Import Request.
  Time since last request: 157.114110 seconds.
  path: Assets/SCENE/PembayaranBerhasil.unity
  artifactKey: Guid(e40472b57b08b094d8ad86feb77d1166) Importer(815301076,1909f56bfc062723c751e8b465ee728b)
Start importing Assets/SCENE/PembayaranBerhasil.unity using Guid(e40472b57b08b094d8ad86feb77d1166) Importer(815301076,1909f56bfc062723c751e8b465ee728b)  -> (artifact id: 'f4f6f5001fa2bc9a980cfb2ff45307a4') in 0.006351 seconds 
========================================================================
Received Import Request.
  Time since last request: 0.859049 seconds.
  path: Assets/SCENE/MetodePembayaran.unity
  artifactKey: Guid(4f97f809207067f49a68566a2c326e8a) Importer(815301076,1909f56bfc062723c751e8b465ee728b)
Start importing Assets/SCENE/MetodePembayaran.unity using Guid(4f97f809207067f49a68566a2c326e8a) Importer(815301076,1909f56bfc062723c751e8b465ee728b)  -> (artifact id: 'f7339ae830be471cf1d274e4c10172fe') in 0.009337 seconds 
========================================================================
Received Import Request.
  Time since last request: 347.786292 seconds.
  path: Assets/Image/Frame 34.png
  artifactKey: Guid(ab0b0f953d48e2d48bb6a1190bf9eb92) Importer(815301076,1909f56bfc062723c751e8b465ee728b)
Start importing Assets/Image/Frame 34.png using Guid(ab0b0f953d48e2d48bb6a1190bf9eb92) Importer(815301076,1909f56bfc062723c751e8b465ee728b)  -> (artifact id: 'cce918a6befd30c78a49a7c0d6d97c35') in 0.019856 seconds 
========================================================================
Received Import Request.
  Time since last request: 14.655212 seconds.
  path: Assets/Image/Frame 34.png
  artifactKey: Guid(ab0b0f953d48e2d48bb6a1190bf9eb92) Importer(815301076,1909f56bfc062723c751e8b465ee728b)
Start importing Assets/Image/Frame 34.png using Guid(ab0b0f953d48e2d48bb6a1190bf9eb92) Importer(815301076,1909f56bfc062723c751e8b465ee728b)  -> (artifact id: '106f2e308dc07c755337481b547546a1') in 0.014825 seconds 
========================================================================
Received Import Request.
  Time since last request: 146.824071 seconds.
  path: Assets/Image/back.png
  artifactKey: Guid(34b905b0da313d249adeb276e89c5ab3) Importer(815301076,1909f56bfc062723c751e8b465ee728b)
Start importing Assets/Image/back.png using Guid(34b905b0da313d249adeb276e89c5ab3) Importer(815301076,1909f56bfc062723c751e8b465ee728b)  -> (artifact id: 'c8362d1cb3a1bcc6457a6556c01e3018') in 0.018322 seconds 
========================================================================
Received Import Request.
  Time since last request: 9.346883 seconds.
  path: Assets/Image/back.png
  artifactKey: Guid(34b905b0da313d249adeb276e89c5ab3) Importer(815301076,1909f56bfc062723c751e8b465ee728b)
Start importing Assets/Image/back.png using Guid(34b905b0da313d249adeb276e89c5ab3) Importer(815301076,1909f56bfc062723c751e8b465ee728b)  -> (artifact id: '29d341357a24e71e4984604c1c3af783') in 0.022151 seconds 
========================================================================
Received Import Request.
  Time since last request: 206.138618 seconds.
  path: Assets/Image/Frame 35.png
  artifactKey: Guid(33f93e952e305464e96fde55d0c42aed) Importer(815301076,1909f56bfc062723c751e8b465ee728b)
Start importing Assets/Image/Frame 35.png using Guid(33f93e952e305464e96fde55d0c42aed) Importer(815301076,1909f56bfc062723c751e8b465ee728b)  -> (artifact id: '0ae4056dd9af5908d21431cccec7726b') in 0.020653 seconds 
========================================================================
Received Import Request.
  Time since last request: 9.712624 seconds.
  path: Assets/Image/Frame 35.png
  artifactKey: Guid(33f93e952e305464e96fde55d0c42aed) Importer(815301076,1909f56bfc062723c751e8b465ee728b)
Start importing Assets/Image/Frame 35.png using Guid(33f93e952e305464e96fde55d0c42aed) Importer(815301076,1909f56bfc062723c751e8b465ee728b)  -> (artifact id: 'cb0a01f26f9a6a49194557bfa4d96640') in 0.014640 seconds 
========================================================================
Received Import Request.
  Time since last request: 68.955837 seconds.
  path: Assets/SCENE/PembayaranBerhasil.unity
  artifactKey: Guid(e40472b57b08b094d8ad86feb77d1166) Importer(815301076,1909f56bfc062723c751e8b465ee728b)
Start importing Assets/SCENE/PembayaranBerhasil.unity using Guid(e40472b57b08b094d8ad86feb77d1166) Importer(815301076,1909f56bfc062723c751e8b465ee728b)  -> (artifact id: '13f34d6cdf764aa6b2092cf6b5703d79') in 0.006463 seconds 
========================================================================
Received Import Request.
  Time since last request: 18.854849 seconds.
  path: Assets/Image/Pembayaran
  artifactKey: Guid(a453c66d00b94b74797eca3e65db6ac5) Importer(815301076,1909f56bfc062723c751e8b465ee728b)
Start importing Assets/Image/Pembayaran using Guid(a453c66d00b94b74797eca3e65db6ac5) Importer(815301076,1909f56bfc062723c751e8b465ee728b)  -> (artifact id: '1cfb1657c8a44cda194e017f10405fc4') in 0.012208 seconds 
========================================================================
Received Import Request.
  Time since last request: 35.937649 seconds.
  path: Assets/Image/Pembayaran/Layer x0020 1.png
  artifactKey: Guid(d0ea6f58790f740439abd26233b44eab) Importer(815301076,1909f56bfc062723c751e8b465ee728b)
Start importing Assets/Image/Pembayaran/Layer x0020 1.png using Guid(d0ea6f58790f740439abd26233b44eab) Importer(815301076,1909f56bfc062723c751e8b465ee728b)  -> (artifact id: 'cc5aeb6b6fe514a104c1560801d2b205') in 0.022664 seconds 
========================================================================
Received Import Request.
  Time since last request: 0.000027 seconds.
  path: Assets/Image/Pembayaran/Logo OVO.png
  artifactKey: Guid(62609cc84da8d0b48985eeec08aa9eba) Importer(815301076,1909f56bfc062723c751e8b465ee728b)
Start importing Assets/Image/Pembayaran/Logo OVO.png using Guid(62609cc84da8d0b48985eeec08aa9eba) Importer(815301076,1909f56bfc062723c751e8b465ee728b)  -> (artifact id: 'e108d33b3606ab8bef645793d2233937') in 0.021452 seconds 
========================================================================
Received Import Request.
  Time since last request: 6.040569 seconds.
  path: Assets/Image/Pembayaran/Logo GoPay.png
  artifactKey: Guid(7571b2101ecff9342a4d8f18e4fb3509) Importer(815301076,1909f56bfc062723c751e8b465ee728b)
Start importing Assets/Image/Pembayaran/Logo GoPay.png using Guid(7571b2101ecff9342a4d8f18e4fb3509) Importer(815301076,1909f56bfc062723c751e8b465ee728b)  -> (artifact id: '6cdf713b1850f11c2d04f3e74d0ab744') in 0.014816 seconds 
========================================================================
Received Import Request.
  Time since last request: 0.014671 seconds.
  path: Assets/Image/Pembayaran/Layer x0020 1.png
  artifactKey: Guid(d0ea6f58790f740439abd26233b44eab) Importer(815301076,1909f56bfc062723c751e8b465ee728b)
Start importing Assets/Image/Pembayaran/Layer x0020 1.png using Guid(d0ea6f58790f740439abd26233b44eab) Importer(815301076,1909f56bfc062723c751e8b465ee728b)  -> (artifact id: 'b5b035656a101e6e9419851b03d4d920') in 0.018735 seconds 
========================================================================
Received Import Request.
  Time since last request: 13504.395219 seconds.
  path: Assets/SCENE/MetodePembayaran.unity
  artifactKey: Guid(4f97f809207067f49a68566a2c326e8a) Importer(815301076,1909f56bfc062723c751e8b465ee728b)
Start importing Assets/SCENE/MetodePembayaran.unity using Guid(4f97f809207067f49a68566a2c326e8a) Importer(815301076,1909f56bfc062723c751e8b465ee728b)  -> (artifact id: 'ee8495074a4ddadb2acf705a9d1bb76e') in 0.009236 seconds 
